{
  "RSpec": {
    "coverage": {
      "/Users/student/projects/bookmarks/spec/bookmark_spec.rb": [
        1,
        null,
        1,
        1,
        null,
        1,
        1,
        1,
        null,
        null
      ],
      "/Users/student/projects/bookmarks/lib/bookmark.rb": [
        1,
        1,
        3,
        null,
        null,
        null,
        null
      ],
      "/Users/student/projects/bookmarks/spec/features/app_spec.rb": [
        null,
        1,
        null,
        1,
        1,
        1,
        1,
        null,
        null,
        1,
        1,
        1,
        1,
        1,
        null,
        null,
        null
      ]
    },
    "timestamp": 1559573456
  }
}
